<?xml version="1.0" encoding="UTF-8"?>
<!-- Generated by org.testng.reporters.JUnitReportReporter -->
<testsuite hostname="Quans-MBP.attlocal.net" failures="0" tests="1" name="test.LoginPageTest" time="18.379" errors="0" timestamp="2022-06-11T17:03:24 CDT" skipped="0">
  <testcase classname="test.LoginPageTest" name="loginTest" time="18.379"/>
  <system-out/>
</testsuite> <!-- test.LoginPageTest -->
